lerna(verbose) GitUtilities.isInitialized    ()
lerna(verbose) GitUtilities.isInitialized    () => true
lerna(verbose) GitUtilities.getTopLevelDirectory()
lerna(verbose) GitUtilities.getTopLevelDirectory() => "."
lerna(verbose) FileSystemUtilities.existsSync("./lerna.json")
lerna(verbose) FileSystemUtilities.existsSync("./lerna.json") => true
lerna(verbose) FileSystemUtilities.readFileSync("./lerna.json")
lerna(verbose) FileSystemUtilities.readFileSync("./lerna.json") => "{\n  \"lerna\": \"2.0.0-beta.31\",\n  \"packages\": [\n    \"packages/*\"\n  ],\n  \"version\": \"0.0.4\"\n}"
lerna(verbose) FileSystemUtilities.existsSync("./package.json")
lerna(verbose) FileSystemUtilities.existsSync("./package.json") => true
lerna(verbose) FileSystemUtilities.readFileSync("./package.json")
lerna(verbose) FileSystemUtilities.readFileSync("./package.json") => "{\n  \"name\": \"sugarboy\",\n  \"version\": \"0.0.5\",\n  \"description\": \"sugarboy test\",\n  \"main\": \"./dist/app.js\",\n  \"scripts\": {\n    \"test\": \"echo \\\"Error: no test specified\\\" && exit 1\",\n    \"common\": \"NODE_ENV=common webpack --config build/webpack.config.js --progress\",\n    \"comp\": \"NODE_ENV=comp webpack --config build/webpack.config.js --progress\",\n    \"build\": \"webpack --config build/webpack.config.js --progress\"\n  },\n  \"author\": \"lynsun\",\n  \"license\": \"ISC\",\n  \"repository\": {\n    \"type\": \"git\",\n    \"url\": \"git+https://github.com/lynsun/sugarboy.git\"\n  },\n  \"dependencies\": {\n    \"atui\": \"0.0.3\",\n    \"babel-preset-es2015\": \"^6.18.0\"\n  },\n  \"bugs\": {\n    \"url\": \"https://github.com/lynsun/sugarboy/issues\"\n  },\n  \"homepage\": \"https://github.com/lynsun/sugarboy#readme\",\n  \"devDependencies\": {\n    \"babel-core\": \"^6.21.0\",\n    \"babel-loader\": \"^6.2.10\",\n    \"babel-plugin-transform-runtime\": \"^6.15.0\",\n    \"babel-preset-stage-2\": \"^6.18.0\",\n    \"lerna\": \"2.0.0-beta.31\",\n    \"webpack\": \"^2.2.0-rc.3\"\n  }\n}"
lerna(info)    Lerna v2.0.0-beta.31
lerna(verbose) FileSystemUtilities.existsSync("./package.json")
lerna(verbose) FileSystemUtilities.existsSync("./package.json") => true
lerna(verbose) FileSystemUtilities.existsSync("./lerna.json")
lerna(verbose) FileSystemUtilities.existsSync("./lerna.json") => true
lerna(verbose) FileSystemUtilities.existsSync("./VERSION")
lerna(verbose) FileSystemUtilities.existsSync("./VERSION") => false
lerna(verbose) FileSystemUtilities.existsSync("./packages/button/package.json")
lerna(verbose) FileSystemUtilities.existsSync("./packages/button/package.json") => true
lerna(verbose) FileSystemUtilities.existsSync("./packages/select/package.json")
lerna(verbose) FileSystemUtilities.existsSync("./packages/select/package.json") => true
lerna(verbose) Attempting running PublishCommand.initialize
lerna(info)    Current version: 0.0.4
lerna(info)    Checking for updated packages...
lerna(verbose) GitUtilities.hasTags          ()
lerna(verbose) GitUtilities.hasTags          () => true
lerna(verbose) GitUtilities.getLastTaggedCommit()
lerna(verbose) GitUtilities.getLastTaggedCommit() => "be0d1cadeea23b770422d8082559f4dac8af60f1"
lerna(verbose) GitUtilities.describeTag      ("be0d1cadeea23b770422d8082559f4dac8af60f1")
lerna(verbose) GitUtilities.describeTag      ("be0d1cadeea23b770422d8082559f4dac8af60f1") => "v0.0.5"
lerna(verbose) GitUtilities.diffSinceIn      ("v0.0.5", "./packages/button")
lerna(verbose) GitUtilities.diffSinceIn      ("v0.0.5", "./packages/button") => ""
lerna(verbose) GitUtilities.diffSinceIn      ("v0.0.5", "./packages/select")
lerna(verbose) GitUtilities.diffSinceIn      ("v0.0.5", "./packages/select") => ""
lerna(error)   Errored while running PublishCommand.initialize
    Error: No updated packages to publish.
        at PublishCommand.initialize (/usr/local/lib/node_modules/lerna/lib/commands/PublishCommand.js:98:18)
        at PublishCommand._attempt (/usr/local/lib/node_modules/lerna/lib/Command.js:166:21)
        at PublishCommand.runCommand (/usr/local/lib/node_modules/lerna/lib/Command.js:150:12)
        at PublishCommand.run (/usr/local/lib/node_modules/lerna/lib/Command.js:69:12)
        at Object.<anonymous> (/usr/local/lib/node_modules/lerna/bin/lerna.js:62:11)
        at Module._compile (module.js:413:34)
        at Object.Module._extensions..js (module.js:422:10)
        at Module.load (module.js:357:32)
        at Function.Module._load (module.js:314:12)
        at Function.Module.runMain (module.js:447:10)
