0 info it worked if it ends with ok
1 verbose cli [ '/usr/local/bin/node', '/usr/local/bin/npm', 'publish' ]
2 info using npm@3.3.12
3 info using node@v5.5.0
4 verbose publish [ '.' ]
5 silly cache add args [ '.', null ]
6 verbose cache add spec .
7 silly cache add parsed spec Result {
7 silly cache add   raw: '.',
7 silly cache add   scope: null,
7 silly cache add   name: null,
7 silly cache add   rawSpec: '.',
7 silly cache add   spec: '/Users/sunjianpeng/github/sugarboy',
7 silly cache add   type: 'directory' }
8 verbose addLocalDirectory /Users/sunjianpeng/.npm/sugarboy/1.0.0/package.tgz not in flight; packing
9 info lifecycle sugarboy@1.0.0~prepublish: sugarboy@1.0.0
10 silly lifecycle sugarboy@1.0.0~prepublish: no script for prepublish, continuing
11 verbose tar pack [ '/Users/sunjianpeng/.npm/sugarboy/1.0.0/package.tgz',
11 verbose tar pack   '/Users/sunjianpeng/github/sugarboy' ]
12 verbose tarball /Users/sunjianpeng/.npm/sugarboy/1.0.0/package.tgz
13 verbose folder /Users/sunjianpeng/github/sugarboy
14 verbose addLocalTarball adding from inside cache /Users/sunjianpeng/.npm/sugarboy/1.0.0/package.tgz
15 silly cache afterAdd sugarboy@1.0.0
16 verbose afterAdd /Users/sunjianpeng/.npm/sugarboy/1.0.0/package/package.json not in flight; writing
17 verbose afterAdd /Users/sunjianpeng/.npm/sugarboy/1.0.0/package/package.json written
18 silly publish { name: 'sugarboy',
18 silly publish   version: '1.0.0',
18 silly publish   description: 'sugarboy test',
18 silly publish   main: 'index.js',
18 silly publish   scripts: { test: 'echo "Error: no test specified" && exit 1' },
18 silly publish   author: { name: 'lynsun' },
18 silly publish   license: 'ISC',
18 silly publish   repository:
18 silly publish    { type: 'git',
18 silly publish      url: 'git+https://github.com/lynsun/sugarboy.git' },
18 silly publish   bugs: { url: 'https://github.com/lynsun/sugarboy/issues' },
18 silly publish   homepage: 'https://github.com/lynsun/sugarboy#readme',
18 silly publish   readme: '# sugarboy\nsugarboy test\n',
18 silly publish   readmeFilename: 'README.md',
18 silly publish   gitHead: '70476e54186de61f871e5a42eedcea2b3eccb09b',
18 silly publish   _id: 'sugarboy@1.0.0',
18 silly publish   _shasum: '47a9af84314831a5cb34023107c0ff5aff8f0a2a',
18 silly publish   _from: '.' }
19 verbose getPublishConfig undefined
20 silly mapToRegistry name sugarboy
21 silly mapToRegistry using default registry
22 silly mapToRegistry registry https://registry.npmjs.org/
23 silly mapToRegistry uri https://registry.npmjs.org/sugarboy
24 verbose publish registryBase https://registry.npmjs.org/
25 silly publish uploading /Users/sunjianpeng/.npm/sugarboy/1.0.0/package.tgz
26 verbose request uri https://registry.npmjs.org/sugarboy
27 verbose request sending authorization for write operation
28 info attempt registry request try #1 at 22:34:09
29 verbose request using bearer token for auth
30 verbose request id 0c1f43e6df3f859f
31 http request PUT https://registry.npmjs.org/sugarboy
32 http 403 https://registry.npmjs.org/sugarboy
33 verbose headers { 'content-type': 'application/json',
33 verbose headers   'cache-control': 'max-age=300',
33 verbose headers   'content-length': '95',
33 verbose headers   'accept-ranges': 'bytes',
33 verbose headers   date: 'Wed, 28 Dec 2016 14:34:08 GMT',
33 verbose headers   via: '1.1 varnish',
33 verbose headers   connection: 'keep-alive',
33 verbose headers   'x-served-by': 'cache-nrt6122-NRT',
33 verbose headers   'x-cache': 'MISS',
33 verbose headers   'x-cache-hits': '0',
33 verbose headers   'x-timer': 'S1482935647.437525,VS0,VE670',
33 verbose headers   vary: 'Accept-Encoding' }
34 verbose request invalidating /Users/sunjianpeng/.npm/registry.npmjs.org/sugarboy on PUT
35 error publish Failed PUT 403
36 verbose stack Error: "You cannot publish over the previously published version 1.0.0." : sugarboy
36 verbose stack     at makeError (/usr/local/lib/node_modules/npm/node_modules/npm-registry-client/lib/request.js:264:12)
36 verbose stack     at CachingRegistryClient.<anonymous> (/usr/local/lib/node_modules/npm/node_modules/npm-registry-client/lib/request.js:252:14)
36 verbose stack     at Request._callback (/usr/local/lib/node_modules/npm/node_modules/npm-registry-client/lib/request.js:172:14)
36 verbose stack     at Request.self.callback (/usr/local/lib/node_modules/npm/node_modules/request/request.js:198:22)
36 verbose stack     at emitTwo (events.js:100:13)
36 verbose stack     at Request.emit (events.js:185:7)
36 verbose stack     at Request.<anonymous> (/usr/local/lib/node_modules/npm/node_modules/request/request.js:1082:10)
36 verbose stack     at emitOne (events.js:95:20)
36 verbose stack     at Request.emit (events.js:182:7)
36 verbose stack     at IncomingMessage.<anonymous> (/usr/local/lib/node_modules/npm/node_modules/request/request.js:1009:12)
37 verbose statusCode 403
38 verbose pkgid sugarboy
39 verbose cwd /Users/sunjianpeng/github/sugarboy
40 error Darwin 15.5.0
41 error argv "/usr/local/bin/node" "/usr/local/bin/npm" "publish"
42 error node v5.5.0
43 error npm  v3.3.12
44 error code E403
45 error "You cannot publish over the previously published version 1.0.0." : sugarboy
46 error If you need help, you may report this error at:
46 error     <https://github.com/npm/npm/issues>
47 verbose exit [ 1, true ]
