0 info it worked if it ends with ok
1 verbose cli [ '/usr/local/bin/node',
1 verbose cli   '/usr/local/bin/npm',
1 verbose cli   'i',
1 verbose cli   'element-button',
1 verbose cli   '--save-dev' ]
2 info using npm@4.0.5
3 info using node@v5.5.0
4 silly loadCurrentTree Starting
5 silly install loadCurrentTree
6 silly install readLocalPackageData
7 silly fetchPackageMetaData element-button
8 silly fetchNamedPackageData element-button
9 silly mapToRegistry name element-button
10 silly mapToRegistry using default registry
11 silly mapToRegistry registry https://registry.npmjs.org/
12 silly mapToRegistry data Result {
12 silly mapToRegistry   raw: 'element-button',
12 silly mapToRegistry   scope: null,
12 silly mapToRegistry   escapedName: 'element-button',
12 silly mapToRegistry   name: 'element-button',
12 silly mapToRegistry   rawSpec: '',
12 silly mapToRegistry   spec: 'latest',
12 silly mapToRegistry   type: 'tag' }
13 silly mapToRegistry uri https://registry.npmjs.org/element-button
14 verbose request uri https://registry.npmjs.org/element-button
15 verbose request no auth needed
16 info attempt registry request try #1 at 16:05:04
17 verbose request using bearer token for auth
18 verbose request id 1f2b122ea716f059
19 http request GET https://registry.npmjs.org/element-button
20 http 404 https://registry.npmjs.org/element-button
21 verbose headers { 'content-type': 'application/json',
21 verbose headers   'cache-control': 'max-age=0',
21 verbose headers   'content-length': '2',
21 verbose headers   'accept-ranges': 'bytes',
21 verbose headers   date: 'Tue, 03 Jan 2017 08:05:06 GMT',
21 verbose headers   via: '1.1 varnish',
21 verbose headers   connection: 'keep-alive',
21 verbose headers   'x-served-by': 'cache-nrt6133-NRT',
21 verbose headers   'x-cache': 'MISS',
21 verbose headers   'x-cache-hits': '0',
21 verbose headers   'x-timer': 'S1483430705.985728,VS0,VE738',
21 verbose headers   vary: 'Accept-Encoding' }
22 silly get cb [ 404,
22 silly get   { 'content-type': 'application/json',
22 silly get     'cache-control': 'max-age=0',
22 silly get     'content-length': '2',
22 silly get     'accept-ranges': 'bytes',
22 silly get     date: 'Tue, 03 Jan 2017 08:05:06 GMT',
22 silly get     via: '1.1 varnish',
22 silly get     connection: 'keep-alive',
22 silly get     'x-served-by': 'cache-nrt6133-NRT',
22 silly get     'x-cache': 'MISS',
22 silly get     'x-cache-hits': '0',
22 silly get     'x-timer': 'S1483430705.985728,VS0,VE738',
22 silly get     vary: 'Accept-Encoding' } ]
23 silly fetchPackageMetaData Error: Registry returned 404 for GET on https://registry.npmjs.org/element-button
23 silly fetchPackageMetaData     at makeError (/usr/local/lib/node_modules/npm/node_modules/npm-registry-client/lib/request.js:302:12)
23 silly fetchPackageMetaData     at CachingRegistryClient.<anonymous> (/usr/local/lib/node_modules/npm/node_modules/npm-registry-client/lib/request.js:280:14)
23 silly fetchPackageMetaData     at Request._callback (/usr/local/lib/node_modules/npm/node_modules/npm-registry-client/lib/request.js:210:14)
23 silly fetchPackageMetaData     at Request.self.callback (/usr/local/lib/node_modules/npm/node_modules/request/request.js:186:22)
23 silly fetchPackageMetaData     at emitTwo (events.js:100:13)
23 silly fetchPackageMetaData     at Request.emit (events.js:185:7)
23 silly fetchPackageMetaData     at Request.<anonymous> (/usr/local/lib/node_modules/npm/node_modules/request/request.js:1081:10)
23 silly fetchPackageMetaData     at emitOne (events.js:90:13)
23 silly fetchPackageMetaData     at Request.emit (events.js:182:7)
23 silly fetchPackageMetaData     at IncomingMessage.<anonymous> (/usr/local/lib/node_modules/npm/node_modules/request/request.js:1001:12)
23 silly fetchPackageMetaData  error for element-button { [Error: Registry returned 404 for GET on https://registry.npmjs.org/element-button] pkgid: 'element-button', statusCode: 404, code: 'E404' }
24 silly rollbackFailedOptional Starting
25 silly rollbackFailedOptional Finishing
26 silly runTopLevelLifecycles Finishing
27 silly install printInstalled
28 verbose stack Error: Registry returned 404 for GET on https://registry.npmjs.org/element-button
28 verbose stack     at makeError (/usr/local/lib/node_modules/npm/node_modules/npm-registry-client/lib/request.js:302:12)
28 verbose stack     at CachingRegistryClient.<anonymous> (/usr/local/lib/node_modules/npm/node_modules/npm-registry-client/lib/request.js:280:14)
28 verbose stack     at Request._callback (/usr/local/lib/node_modules/npm/node_modules/npm-registry-client/lib/request.js:210:14)
28 verbose stack     at Request.self.callback (/usr/local/lib/node_modules/npm/node_modules/request/request.js:186:22)
28 verbose stack     at emitTwo (events.js:100:13)
28 verbose stack     at Request.emit (events.js:185:7)
28 verbose stack     at Request.<anonymous> (/usr/local/lib/node_modules/npm/node_modules/request/request.js:1081:10)
28 verbose stack     at emitOne (events.js:90:13)
28 verbose stack     at Request.emit (events.js:182:7)
28 verbose stack     at IncomingMessage.<anonymous> (/usr/local/lib/node_modules/npm/node_modules/request/request.js:1001:12)
29 verbose statusCode 404
30 verbose pkgid element-button
31 verbose cwd /Users/sunjianpeng/github/sugarboy/packages
32 error Darwin 15.5.0
33 error argv "/usr/local/bin/node" "/usr/local/bin/npm" "i" "element-button" "--save-dev"
34 error node v5.5.0
35 error npm  v4.0.5
36 error code E404
37 error 404 Registry returned 404 for GET on https://registry.npmjs.org/element-button
38 error 404
39 error 404 'element-button' is not in the npm registry.
40 error 404 You should bug the author to publish it (or use the name yourself!)
41 error 404 Note that you can also install from a
42 error 404 tarball, folder, http url, or git url.
43 verbose exit [ 1, true ]
